# JRE version: OpenJDK Runtime Environment Temurin-21.0.8+9 (21.0.8+9) (build 21.0.8+9-LTS)
# Java VM: OpenJDK 64-Bit Server VM Temurin-21.0.8+9 (21.0.8+9-LTS, mixed mode, tiered, compressed oops, compressed class ptrs, g1 gc, windows-amd64)
GC Precious Log:
 CardTable entry size: 512
 Card Set container configuration: InlinePtr #cards 4 size 8 Array Of Cards #cards 16 size 48 Howl #buckets 8 coarsen threshold 3686 Howl Bitmap #cards 512 size 80 coarsen threshold 460 Card regions per heap region 1 cards per card region 4096
 CPUs: 8 total, 8 available
 Memory: 16167M
 Large Page Support: Disabled
 NUMA Support: Disabled
 Compressed Oops: Enabled (Zero based)
 Heap Region Size: 2M
 Heap Min Capacity: 8M
 Heap Initial Capacity: 254M
 Heap Max Capacity: 4042M
 Pre-touch: Disabled
 Parallel Workers: 8
 Concurrent Workers: 2
 Concurrent Refinement Workers: 8
 Periodic GC: Disabled
Heap:
 garbage-first heap   total 370688K, used 143740K [0x0000000703600000, 0x0000000800000000)
  region size 2048K, 13 young (26624K), 13 survivors (26624K)
 Metaspace       used 90425K, committed 91456K, reserved 1179648K
  class space    used 10148K, committed 10624K, reserved 1048576K
GC Heap History (20 events):
Event: 22.973 GC heap after
{Heap after GC invocations=49 (full 0):
 garbage-first heap   total 292864K, used 126766K [0x0000000703600000, 0x0000000800000000)
  region size 2048K, 6 young (12288K), 6 survivors (12288K)
 Metaspace       used 89008K, committed 90048K, reserved 1179648K
  class space    used 10050K, committed 10496K, reserved 1048576K
}
Event: 23.211 GC heap before
{Heap before GC invocations=49 (full 0):
 garbage-first heap   total 292864K, used 261934K [0x0000000703600000, 0x0000000800000000)
  region size 2048K, 72 young (147456K), 6 survivors (12288K)
 Metaspace       used 89036K, committed 90048K, reserved 1179648K
  class space    used 10050K, committed 10496K, reserved 1048576K
}
Event: 23.216 GC heap after
{Heap after GC invocations=50 (full 0):
 garbage-first heap   total 292864K, used 123831K [0x0000000703600000, 0x0000000800000000)
  region size 2048K, 4 young (8192K), 4 survivors (8192K)
 Metaspace       used 89036K, committed 90048K, reserved 1179648K
  class space    used 10050K, committed 10496K, reserved 1048576K
}
Event: 23.431 GC heap before
{Heap before GC invocations=50 (full 0):
 garbage-first heap   total 292864K, used 267191K [0x0000000703600000, 0x0000000800000000)
  region size 2048K, 74 young (151552K), 4 survivors (8192K)
 Metaspace       used 89068K, committed 90112K, reserved 1179648K
  class space    used 10050K, committed 10496K, reserved 1048576K
}
Event: 23.434 GC heap after
{Heap after GC invocations=51 (full 0):
 garbage-first heap   total 292864K, used 125247K [0x0000000703600000, 0x0000000800000000)
  region size 2048K, 5 young (10240K), 5 survivors (10240K)
 Metaspace       used 89068K, committed 90112K, reserved 1179648K
  class space    used 10050K, committed 10496K, reserved 1048576K
}
Event: 23.609 GC heap before
{Heap before GC invocations=52 (full 0):
 garbage-first heap   total 292864K, used 264511K [0x0000000703600000, 0x0000000800000000)
  region size 2048K, 73 young (149504K), 5 survivors (10240K)
 Metaspace       used 89073K, committed 90112K, reserved 1179648K
  class space    used 10050K, committed 10496K, reserved 1048576K
}
Event: 23.612 GC heap after
{Heap after GC invocations=53 (full 0):
 garbage-first heap   total 292864K, used 125645K [0x0000000703600000, 0x0000000800000000)
  region size 2048K, 5 young (10240K), 5 survivors (10240K)
 Metaspace       used 89073K, committed 90112K, reserved 1179648K
  class space    used 10050K, committed 10496K, reserved 1048576K
}
Event: 23.786 GC heap before
{Heap before GC invocations=53 (full 0):
 garbage-first heap   total 292864K, used 264909K [0x0000000703600000, 0x0000000800000000)
  region size 2048K, 73 young (149504K), 5 survivors (10240K)
 Metaspace       used 89089K, committed 90112K, reserved 1179648K
  class space    used 10050K, committed 10496K, reserved 1048576K
}
Event: 23.813 GC heap after
{Heap after GC invocations=54 (full 0):
 garbage-first heap   total 370688K, used 126174K [0x0000000703600000, 0x0000000800000000)
  region size 2048K, 6 young (12288K), 6 survivors (12288K)
 Metaspace       used 89089K, committed 90112K, reserved 1179648K
  class space    used 10050K, committed 10496K, reserved 1048576K
}
Event: 23.916 GC heap before
{Heap before GC invocations=54 (full 0):
 garbage-first heap   total 370688K, used 335070K [0x0000000703600000, 0x0000000800000000)
  region size 2048K, 108 young (221184K), 6 survivors (12288K)
 Metaspace       used 89090K, committed 90112K, reserved 1179648K
  class space    used 10050K, committed 10496K, reserved 1048576K
}
Event: 23.921 GC heap after
{Heap after GC invocations=55 (full 0):
 garbage-first heap   total 370688K, used 126270K [0x0000000703600000, 0x0000000800000000)
  region size 2048K, 6 young (12288K), 6 survivors (12288K)
 Metaspace       used 89090K, committed 90112K, reserved 1179648K
  class space    used 10050K, committed 10496K, reserved 1048576K
}
Event: 24.078 GC heap before
{Heap before GC invocations=56 (full 0):
 garbage-first heap   total 370688K, used 335166K [0x0000000703600000, 0x0000000800000000)
  region size 2048K, 108 young (221184K), 6 survivors (12288K)
 Metaspace       used 89090K, committed 90112K, reserved 1179648K
  class space    used 10050K, committed 10496K, reserved 1048576K
}
Event: 24.082 GC heap after
{Heap after GC invocations=57 (full 0):
 garbage-first heap   total 370688K, used 128095K [0x0000000703600000, 0x0000000800000000)
  region size 2048K, 7 young (14336K), 7 survivors (14336K)
 Metaspace       used 89090K, committed 90112K, reserved 1179648K
  class space    used 10050K, committed 10496K, reserved 1048576K
}
Event: 24.287 GC heap before
{Heap before GC invocations=57 (full 0):
 garbage-first heap   total 370688K, used 332895K [0x0000000703600000, 0x0000000800000000)
  region size 2048K, 107 young (219136K), 7 survivors (14336K)
 Metaspace       used 89103K, committed 90112K, reserved 1179648K
  class space    used 10050K, committed 10496K, reserved 1048576K
}
Event: 24.293 GC heap after
{Heap after GC invocations=58 (full 0):
 garbage-first heap   total 370688K, used 128264K [0x0000000703600000, 0x0000000800000000)
  region size 2048K, 7 young (14336K), 7 survivors (14336K)
 Metaspace       used 89103K, committed 90112K, reserved 1179648K
  class space    used 10050K, committed 10496K, reserved 1048576K
}
Event: 24.462 GC heap before
{Heap before GC invocations=58 (full 0):
 garbage-first heap   total 370688K, used 335112K [0x0000000703600000, 0x0000000800000000)
  region size 2048K, 108 young (221184K), 7 survivors (14336K)
 Metaspace       used 89119K, committed 90112K, reserved 1179648K
  class space    used 10050K, committed 10496K, reserved 1048576K
}
Event: 24.468 GC heap after
{Heap after GC invocations=59 (full 0):
 garbage-first heap   total 370688K, used 129243K [0x0000000703600000, 0x0000000800000000)
  region size 2048K, 8 young (16384K), 8 survivors (16384K)
 Metaspace       used 89119K, committed 90112K, reserved 1179648K
  class space    used 10050K, committed 10496K, reserved 1048576K
}
Event: 24.938 GC heap before
{Heap before GC invocations=60 (full 0):
 garbage-first heap   total 370688K, used 331995K [0x0000000703600000, 0x0000000800000000)
  region size 2048K, 107 young (219136K), 8 survivors (16384K)
 Metaspace       used 89693K, committed 90752K, reserved 1179648K
  class space    used 10089K, committed 10560K, reserved 1048576K
}
Event: 24.945 GC heap after
{Heap after GC invocations=61 (full 0):
 garbage-first heap   total 370688K, used 131659K [0x0000000703600000, 0x0000000800000000)
  region size 2048K, 9 young (18432K), 9 survivors (18432K)
 Metaspace       used 89693K, committed 90752K, reserved 1179648K
  class space    used 10089K, committed 10560K, reserved 1048576K
}
Event: 28.689 GC heap before
{Heap before GC invocations=61 (full 0):
 garbage-first heap   total 370688K, used 330315K [0x0000000703600000, 0x0000000800000000)
  region size 2048K, 106 young (217088K), 9 survivors (18432K)
 Metaspace       used 90425K, committed 91456K, reserved 1179648K
  class space    used 10148K, committed 10624K, reserved 1048576K
}

