# JRE version: OpenJDK Runtime Environment Temurin-21.0.8+9 (21.0.8+9) (build 21.0.8+9-LTS)
# Java VM: OpenJDK 64-Bit Server VM Temurin-21.0.8+9 (21.0.8+9-LTS, mixed mode, tiered, compressed oops, compressed class ptrs, g1 gc, windows-amd64)
GC Precious Log:
 CardTable entry size: 512
 Card Set container configuration: InlinePtr #cards 4 size 8 Array Of Cards #cards 16 size 48 Howl #buckets 8 coarsen threshold 3686 Howl Bitmap #cards 512 size 80 coarsen threshold 460 Card regions per heap region 1 cards per card region 4096
 CPUs: 8 total, 8 available
 Memory: 16167M
 Large Page Support: Disabled
 NUMA Support: Disabled
 Compressed Oops: Enabled (Zero based)
 Heap Region Size: 2M
 Heap Min Capacity: 8M
 Heap Initial Capacity: 254M
 Heap Max Capacity: 4042M
 Pre-touch: Disabled
 Parallel Workers: 8
 Concurrent Workers: 2
 Concurrent Refinement Workers: 8
 Periodic GC: Disabled
Heap:
 garbage-first heap   total 399360K, used 196428K [0x0000000703600000, 0x0000000800000000)
  region size 2048K, 18 young (36864K), 1 survivors (2048K)
 Metaspace       used 89437K, committed 90496K, reserved 1179648K
  class space    used 9972K, committed 10496K, reserved 1048576K
GC Heap History (20 events):
Event: 16.342 GC heap before
{Heap before GC invocations=45 (full 0):
 garbage-first heap   total 323584K, used 290961K [0x0000000703600000, 0x0000000800000000)
  region size 2048K, 87 young (178176K), 5 survivors (10240K)
 Metaspace       used 87003K, committed 88128K, reserved 1179648K
  class space    used 9768K, committed 10304K, reserved 1048576K
}
Event: 16.348 GC heap after
{Heap after GC invocations=46 (full 0):
 garbage-first heap   total 323584K, used 125653K [0x0000000703600000, 0x0000000800000000)
  region size 2048K, 6 young (12288K), 6 survivors (12288K)
 Metaspace       used 87003K, committed 88128K, reserved 1179648K
  class space    used 9768K, committed 10304K, reserved 1048576K
}
Event: 16.631 GC heap before
{Heap before GC invocations=46 (full 0):
 garbage-first heap   total 323584K, used 291541K [0x0000000703600000, 0x0000000800000000)
  region size 2048K, 87 young (178176K), 6 survivors (12288K)
 Metaspace       used 87112K, committed 88192K, reserved 1179648K
  class space    used 9781K, committed 10304K, reserved 1048576K
}
Event: 16.637 GC heap after
{Heap after GC invocations=47 (full 0):
 garbage-first heap   total 323584K, used 124967K [0x0000000703600000, 0x0000000800000000)
  region size 2048K, 7 young (14336K), 7 survivors (14336K)
 Metaspace       used 87112K, committed 88192K, reserved 1179648K
  class space    used 9781K, committed 10304K, reserved 1048576K
}
Event: 16.944 GC heap before
{Heap before GC invocations=47 (full 0):
 garbage-first heap   total 323584K, used 288807K [0x0000000703600000, 0x0000000800000000)
  region size 2048K, 87 young (178176K), 7 survivors (14336K)
 Metaspace       used 87255K, committed 88320K, reserved 1179648K
  class space    used 9801K, committed 10304K, reserved 1048576K
}
Event: 16.950 GC heap after
{Heap after GC invocations=48 (full 0):
 garbage-first heap   total 323584K, used 126379K [0x0000000703600000, 0x0000000800000000)
  region size 2048K, 5 young (10240K), 5 survivors (10240K)
 Metaspace       used 87255K, committed 88320K, reserved 1179648K
  class space    used 9801K, committed 10304K, reserved 1048576K
}
Event: 17.274 GC heap before
{Heap before GC invocations=49 (full 0):
 garbage-first heap   total 323584K, used 294315K [0x0000000703600000, 0x0000000800000000)
  region size 2048K, 87 young (178176K), 5 survivors (10240K)
 Metaspace       used 87270K, committed 88320K, reserved 1179648K
  class space    used 9801K, committed 10304K, reserved 1048576K
}
Event: 17.279 GC heap after
{Heap after GC invocations=50 (full 0):
 garbage-first heap   total 323584K, used 128861K [0x0000000703600000, 0x0000000800000000)
  region size 2048K, 6 young (12288K), 6 survivors (12288K)
 Metaspace       used 87270K, committed 88320K, reserved 1179648K
  class space    used 9801K, committed 10304K, reserved 1048576K
}
Event: 17.570 GC heap before
{Heap before GC invocations=50 (full 0):
 garbage-first heap   total 323584K, used 292701K [0x0000000703600000, 0x0000000800000000)
  region size 2048K, 86 young (176128K), 6 survivors (12288K)
 Metaspace       used 87296K, committed 88384K, reserved 1179648K
  class space    used 9803K, committed 10304K, reserved 1048576K
}
Event: 17.578 GC heap after
{Heap after GC invocations=51 (full 0):
 garbage-first heap   total 323584K, used 128180K [0x0000000703600000, 0x0000000800000000)
  region size 2048K, 7 young (14336K), 7 survivors (14336K)
 Metaspace       used 87296K, committed 88384K, reserved 1179648K
  class space    used 9803K, committed 10304K, reserved 1048576K
}
Event: 18.024 GC heap before
{Heap before GC invocations=51 (full 0):
 garbage-first heap   total 323584K, used 289972K [0x0000000703600000, 0x0000000800000000)
  region size 2048K, 86 young (176128K), 7 survivors (14336K)
 Metaspace       used 87739K, committed 88832K, reserved 1179648K
  class space    used 9840K, committed 10368K, reserved 1048576K
}
Event: 18.031 GC heap after
{Heap after GC invocations=52 (full 0):
 garbage-first heap   total 389120K, used 129331K [0x0000000703600000, 0x0000000800000000)
  region size 2048K, 6 young (12288K), 6 survivors (12288K)
 Metaspace       used 87739K, committed 88832K, reserved 1179648K
  class space    used 9840K, committed 10368K, reserved 1048576K
}
Event: 18.728 GC heap before
{Heap before GC invocations=53 (full 0):
 garbage-first heap   total 389120K, used 350515K [0x0000000703600000, 0x0000000800000000)
  region size 2048K, 114 young (233472K), 6 survivors (12288K)
 Metaspace       used 88101K, committed 89216K, reserved 1179648K
  class space    used 9852K, committed 10368K, reserved 1048576K
}
Event: 18.734 GC heap after
{Heap after GC invocations=54 (full 0):
 garbage-first heap   total 389120K, used 133120K [0x0000000703600000, 0x0000000800000000)
  region size 2048K, 7 young (14336K), 7 survivors (14336K)
 Metaspace       used 88101K, committed 89216K, reserved 1179648K
  class space    used 9852K, committed 10368K, reserved 1048576K
}
Event: 22.348 GC heap before
{Heap before GC invocations=54 (full 0):
 garbage-first heap   total 389120K, used 352256K [0x0000000703600000, 0x0000000800000000)
  region size 2048K, 114 young (233472K), 7 survivors (14336K)
 Metaspace       used 88676K, committed 89792K, reserved 1179648K
  class space    used 9903K, committed 10432K, reserved 1048576K
}
Event: 22.430 GC heap after
{Heap after GC invocations=55 (full 0):
 garbage-first heap   total 399360K, used 160315K [0x0000000703600000, 0x0000000800000000)
  region size 2048K, 15 young (30720K), 15 survivors (30720K)
 Metaspace       used 88676K, committed 89792K, reserved 1179648K
  class space    used 9903K, committed 10432K, reserved 1048576K
}
Event: 22.516 GC heap before
{Heap before GC invocations=55 (full 0):
 garbage-first heap   total 399360K, used 344635K [0x0000000703600000, 0x0000000800000000)
  region size 2048K, 105 young (215040K), 15 survivors (30720K)
 Metaspace       used 88688K, committed 89792K, reserved 1179648K
  class space    used 9903K, committed 10432K, reserved 1048576K
}
Event: 22.530 GC heap after
{Heap after GC invocations=56 (full 0):
 garbage-first heap   total 399360K, used 166846K [0x0000000703600000, 0x0000000800000000)
  region size 2048K, 2 young (4096K), 2 survivors (4096K)
 Metaspace       used 88688K, committed 89792K, reserved 1179648K
  class space    used 9903K, committed 10432K, reserved 1048576K
}
Event: 22.650 GC heap before
{Heap before GC invocations=56 (full 0):
 garbage-first heap   total 399360K, used 365502K [0x0000000703600000, 0x0000000800000000)
  region size 2048K, 99 young (202752K), 2 survivors (4096K)
 Metaspace       used 88712K, committed 89792K, reserved 1179648K
  class space    used 9903K, committed 10432K, reserved 1048576K
}
Event: 22.651 GC heap after
{Heap after GC invocations=57 (full 0):
 garbage-first heap   total 399360K, used 163660K [0x0000000703600000, 0x0000000800000000)
  region size 2048K, 1 young (2048K), 1 survivors (2048K)
 Metaspace       used 88712K, committed 89792K, reserved 1179648K
  class space    used 9903K, committed 10432K, reserved 1048576K
}

