# JRE version: OpenJDK Runtime Environment Temurin-21.0.8+9 (21.0.8+9) (build 21.0.8+9-LTS)
# Java VM: OpenJDK 64-Bit Server VM Temurin-21.0.8+9 (21.0.8+9-LTS, mixed mode, tiered, compressed oops, compressed class ptrs, g1 gc, windows-amd64)
GC Precious Log:
 CardTable entry size: 512
 Card Set container configuration: InlinePtr #cards 4 size 8 Array Of Cards #cards 16 size 48 Howl #buckets 8 coarsen threshold 3686 Howl Bitmap #cards 512 size 80 coarsen threshold 460 Card regions per heap region 1 cards per card region 4096
 CPUs: 8 total, 8 available
 Memory: 16167M
 Large Page Support: Disabled
 NUMA Support: Disabled
 Compressed Oops: Enabled (Zero based)
 Heap Region Size: 2M
 Heap Min Capacity: 8M
 Heap Initial Capacity: 254M
 Heap Max Capacity: 4042M
 Pre-touch: Disabled
 Parallel Workers: 8
 Concurrent Workers: 2
 Concurrent Refinement Workers: 8
 Periodic GC: Disabled
Heap:
 garbage-first heap   total 501760K, used 128731K [0x0000000703600000, 0x0000000800000000)
  region size 2048K, 10 young (20480K), 10 survivors (20480K)
 Metaspace       used 87810K, committed 88896K, reserved 1179648K
  class space    used 9849K, committed 10304K, reserved 1048576K
GC Heap History (20 events):
Event: 18.009 GC heap after
{Heap after GC invocations=42 (full 0):
 garbage-first heap   total 251904K, used 117702K [0x0000000703600000, 0x0000000800000000)
  region size 2048K, 4 young (8192K), 4 survivors (8192K)
 Metaspace       used 87220K, committed 88256K, reserved 1179648K
  class space    used 9812K, committed 10304K, reserved 1048576K
}
Event: 18.056 GC heap before
{Heap before GC invocations=42 (full 0):
 garbage-first heap   total 251904K, used 228294K [0x0000000703600000, 0x0000000800000000)
  region size 2048K, 58 young (118784K), 4 survivors (8192K)
 Metaspace       used 87220K, committed 88256K, reserved 1179648K
  class space    used 9812K, committed 10304K, reserved 1048576K
}
Event: 18.060 GC heap after
{Heap after GC invocations=43 (full 0):
 garbage-first heap   total 411648K, used 117877K [0x0000000703600000, 0x0000000800000000)
  region size 2048K, 4 young (8192K), 4 survivors (8192K)
 Metaspace       used 87220K, committed 88256K, reserved 1179648K
  class space    used 9812K, committed 10304K, reserved 1048576K
}
Event: 18.387 GC heap before
{Heap before GC invocations=44 (full 0):
 garbage-first heap   total 397312K, used 347253K [0x0000000703600000, 0x0000000800000000)
  region size 2048K, 116 young (237568K), 4 survivors (8192K)
 Metaspace       used 87275K, committed 88384K, reserved 1179648K
  class space    used 9812K, committed 10304K, reserved 1048576K
}
Event: 18.392 GC heap after
{Heap after GC invocations=45 (full 0):
 garbage-first heap   total 397312K, used 119973K [0x0000000703600000, 0x0000000800000000)
  region size 2048K, 5 young (10240K), 5 survivors (10240K)
 Metaspace       used 87275K, committed 88384K, reserved 1179648K
  class space    used 9812K, committed 10304K, reserved 1048576K
}
Event: 18.512 GC heap before
{Heap before GC invocations=45 (full 0):
 garbage-first heap   total 397312K, used 347301K [0x0000000703600000, 0x0000000800000000)
  region size 2048K, 116 young (237568K), 5 survivors (10240K)
 Metaspace       used 87294K, committed 88384K, reserved 1179648K
  class space    used 9812K, committed 10304K, reserved 1048576K
}
Event: 18.518 GC heap after
{Heap after GC invocations=46 (full 0):
 garbage-first heap   total 397312K, used 119318K [0x0000000703600000, 0x0000000800000000)
  region size 2048K, 6 young (12288K), 6 survivors (12288K)
 Metaspace       used 87294K, committed 88384K, reserved 1179648K
  class space    used 9812K, committed 10304K, reserved 1048576K
}
Event: 18.629 GC heap before
{Heap before GC invocations=46 (full 0):
 garbage-first heap   total 397312K, used 344598K [0x0000000703600000, 0x0000000800000000)
  region size 2048K, 116 young (237568K), 6 survivors (12288K)
 Metaspace       used 87304K, committed 88384K, reserved 1179648K
  class space    used 9812K, committed 10304K, reserved 1048576K
}
Event: 18.634 GC heap after
{Heap after GC invocations=47 (full 0):
 garbage-first heap   total 397312K, used 120416K [0x0000000703600000, 0x0000000800000000)
  region size 2048K, 6 young (12288K), 6 survivors (12288K)
 Metaspace       used 87304K, committed 88384K, reserved 1179648K
  class space    used 9812K, committed 10304K, reserved 1048576K
}
Event: 18.756 GC heap before
{Heap before GC invocations=47 (full 0):
 garbage-first heap   total 397312K, used 345696K [0x0000000703600000, 0x0000000800000000)
  region size 2048K, 116 young (237568K), 6 survivors (12288K)
 Metaspace       used 87329K, committed 88384K, reserved 1179648K
  class space    used 9812K, committed 10304K, reserved 1048576K
}
Event: 18.761 GC heap after
{Heap after GC invocations=48 (full 0):
 garbage-first heap   total 397312K, used 121318K [0x0000000703600000, 0x0000000800000000)
  region size 2048K, 7 young (14336K), 7 survivors (14336K)
 Metaspace       used 87329K, committed 88384K, reserved 1179648K
  class space    used 9812K, committed 10304K, reserved 1048576K
}
Event: 18.863 GC heap before
{Heap before GC invocations=48 (full 0):
 garbage-first heap   total 397312K, used 344550K [0x0000000703600000, 0x0000000800000000)
  region size 2048K, 116 young (237568K), 7 survivors (14336K)
 Metaspace       used 87334K, committed 88384K, reserved 1179648K
  class space    used 9812K, committed 10304K, reserved 1048576K
}
Event: 18.885 GC heap after
{Heap after GC invocations=49 (full 0):
 garbage-first heap   total 501760K, used 122525K [0x0000000703600000, 0x0000000800000000)
  region size 2048K, 7 young (14336K), 7 survivors (14336K)
 Metaspace       used 87334K, committed 88384K, reserved 1179648K
  class space    used 9812K, committed 10304K, reserved 1048576K
}
Event: 19.018 GC heap before
{Heap before GC invocations=49 (full 0):
 garbage-first heap   total 501760K, used 409245K [0x0000000703600000, 0x0000000800000000)
  region size 2048K, 147 young (301056K), 7 survivors (14336K)
 Metaspace       used 87349K, committed 88448K, reserved 1179648K
  class space    used 9812K, committed 10304K, reserved 1048576K
}
Event: 19.024 GC heap after
{Heap after GC invocations=50 (full 0):
 garbage-first heap   total 501760K, used 124151K [0x0000000703600000, 0x0000000800000000)
  region size 2048K, 8 young (16384K), 8 survivors (16384K)
 Metaspace       used 87349K, committed 88448K, reserved 1179648K
  class space    used 9812K, committed 10304K, reserved 1048576K
}
Event: 19.207 GC heap before
{Heap before GC invocations=50 (full 0):
 garbage-first heap   total 501760K, used 408823K [0x0000000703600000, 0x0000000800000000)
  region size 2048K, 147 young (301056K), 8 survivors (16384K)
 Metaspace       used 87350K, committed 88448K, reserved 1179648K
  class space    used 9812K, committed 10304K, reserved 1048576K
}
Event: 19.214 GC heap after
{Heap after GC invocations=51 (full 0):
 garbage-first heap   total 501760K, used 125673K [0x0000000703600000, 0x0000000800000000)
  region size 2048K, 9 young (18432K), 9 survivors (18432K)
 Metaspace       used 87350K, committed 88448K, reserved 1179648K
  class space    used 9812K, committed 10304K, reserved 1048576K
}
Event: 19.406 GC heap before
{Heap before GC invocations=51 (full 0):
 garbage-first heap   total 501760K, used 408297K [0x0000000703600000, 0x0000000800000000)
  region size 2048K, 147 young (301056K), 9 survivors (18432K)
 Metaspace       used 87361K, committed 88448K, reserved 1179648K
  class space    used 9812K, committed 10304K, reserved 1048576K
}
Event: 19.414 GC heap after
{Heap after GC invocations=52 (full 0):
 garbage-first heap   total 501760K, used 127822K [0x0000000703600000, 0x0000000800000000)
  region size 2048K, 10 young (20480K), 10 survivors (20480K)
 Metaspace       used 87361K, committed 88448K, reserved 1179648K
  class space    used 9812K, committed 10304K, reserved 1048576K
}
Event: 19.782 GC heap before
{Heap before GC invocations=52 (full 0):
 garbage-first heap   total 501760K, used 408398K [0x0000000703600000, 0x0000000800000000)
  region size 2048K, 147 young (301056K), 10 survivors (20480K)
 Metaspace       used 87810K, committed 88896K, reserved 1179648K
  class space    used 9849K, committed 10304K, reserved 1048576K
}

